# JRE version: OpenJDK Runtime Environment (11.0.13) (build 11.0.13+0-b1751.21-8125866)
# Java VM: OpenJDK 64-Bit Server VM (11.0.13+0-b1751.21-8125866, mixed mode, tiered, compressed oops, g1 gc, windows-amd64)
Heap:
 garbage-first heap   total 260096K, used 109137K [0x0000000080000000, 0x0000000100000000)
  region size 1024K, 90 young (92160K), 6 survivors (6144K)
 Metaspace       used 41963K, capacity 42966K, committed 43216K, reserved 1087488K
  class space    used 5342K, capacity 5729K, committed 5760K, reserved 1048576K
GC Heap History (8 events):
Event: 0.561 GC heap before
{Heap before GC invocations=0 (full 0):
 garbage-first heap   total 260096K, used 29696K [0x0000000080000000, 0x0000000100000000)
  region size 1024K, 24 young (24576K), 0 survivors (0K)
 Metaspace       used 10170K, capacity 10391K, committed 10624K, reserved 1058816K
  class space    used 1045K, capacity 1106K, committed 1152K, reserved 1048576K
}
Event: 0.564 GC heap after
{Heap after GC invocations=1 (full 0):
 garbage-first heap   total 260096K, used 9157K [0x0000000080000000, 0x0000000100000000)
  region size 1024K, 3 young (3072K), 3 survivors (3072K)
 Metaspace       used 10170K, capacity 10391K, committed 10624K, reserved 1058816K
  class space    used 1045K, capacity 1106K, committed 1152K, reserved 1048576K
}
Event: 1.789 GC heap before
{Heap before GC invocations=1 (full 0):
 garbage-first heap   total 260096K, used 112581K [0x0000000080000000, 0x0000000100000000)
  region size 1024K, 105 young (107520K), 3 survivors (3072K)
 Metaspace       used 20749K, capacity 21187K, committed 21296K, reserved 1069056K
  class space    used 2524K, capacity 2686K, committed 2688K, reserved 1048576K
}
Event: 1.797 GC heap after
{Heap after GC invocations=2 (full 0):
 garbage-first heap   total 260096K, used 17012K [0x0000000080000000, 0x0000000100000000)
  region size 1024K, 11 young (11264K), 11 survivors (11264K)
 Metaspace       used 20749K, capacity 21187K, committed 21296K, reserved 1069056K
  class space    used 2524K, capacity 2686K, committed 2688K, reserved 1048576K
}
Event: 1.947 GC heap before
{Heap before GC invocations=3 (full 0):
 garbage-first heap   total 260096K, used 39540K [0x0000000080000000, 0x0000000100000000)
  region size 1024K, 33 young (33792K), 11 survivors (11264K)
 Metaspace       used 22647K, capacity 23264K, committed 23472K, reserved 1069056K
  class space    used 2867K, capacity 3066K, committed 3072K, reserved 1048576K
}
Event: 1.952 GC heap after
{Heap after GC invocations=4 (full 0):
 garbage-first heap   total 260096K, used 17630K [0x0000000080000000, 0x0000000100000000)
  region size 1024K, 2 young (2048K), 2 survivors (2048K)
 Metaspace       used 22647K, capacity 23264K, committed 23472K, reserved 1069056K
  class space    used 2867K, capacity 3066K, committed 3072K, reserved 1048576K
}
Event: 3.081 GC heap before
{Heap before GC invocations=4 (full 0):
 garbage-first heap   total 260096K, used 110814K [0x0000000080000000, 0x0000000100000000)
  region size 1024K, 94 young (96256K), 2 survivors (2048K)
 Metaspace       used 35010K, capacity 35751K, committed 35920K, reserved 1081344K
  class space    used 4492K, capacity 4788K, committed 4864K, reserved 1048576K
}
Event: 3.087 GC heap after
{Heap after GC invocations=5 (full 0):
 garbage-first heap   total 260096K, used 22097K [0x0000000080000000, 0x0000000100000000)
  region size 1024K, 6 young (6144K), 6 survivors (6144K)
 Metaspace       used 35010K, capacity 35751K, committed 35920K, reserved 1081344K
  class space    used 4492K, capacity 4788K, committed 4864K, reserved 1048576K
}

